ALGERIA|-119
ALGERIA|-135
ALGERIA|-137
ARGENTINA|-119
ARGENTINA|-135
ARGENTINA|-137
BRAZIL|-119
BRAZIL|-135
BRAZIL|-137
CANADA|-119
CANADA|-135
CANADA|-137
CHINA|-119
CHINA|-135
CHINA|-137
EGYPT|-119
EGYPT|-135
EGYPT|-137
ETHIOPIA|-119
ETHIOPIA|-135
ETHIOPIA|-137
FRANCE|-119
FRANCE|-135
FRANCE|-137
GERMANY|-119
GERMANY|-135
GERMANY|-137
INDIA|-119
INDIA|-135
INDIA|-137
INDONESIA|-119
INDONESIA|-135
INDONESIA|-137
IRAN|-119
IRAN|-135
IRAN|-137
IRAQ|-119
IRAQ|-135
IRAQ|-137
JAPAN|-119
JAPAN|-135
JAPAN|-137
JORDAN|-119
JORDAN|-135
JORDAN|-137
KENYA|-119
KENYA|-135
KENYA|-137
MOROCCO|-119
MOROCCO|-135
MOROCCO|-137
MOZAMBIQUE|-119
MOZAMBIQUE|-135
MOZAMBIQUE|-137
PERU|-119
PERU|-135
PERU|-137
ROMANIA|-119
ROMANIA|-135
ROMANIA|-137
RUSSIA|-119
RUSSIA|-135
RUSSIA|-137
SAUDI ARABIA|-119
SAUDI ARABIA|-135
SAUDI ARABIA|-137
UNITED KINGDOM|-119
UNITED KINGDOM|-135
UNITED KINGDOM|-137
UNITED STATES|-119
UNITED STATES|-135
UNITED STATES|-137
VIETNAM|-119
VIETNAM|-135
VIETNAM|-137
